{"message":"Server success","level":"info"}
{"error":{},"level":"error","message":"uncaughtException: winston is not defined\nReferenceError: winston is not defined\n    at Object.<anonymous> (C:\\Workspace\\Seminar\\Server\\app.js:11:38)\n    at Module._compile (module.js:643:30)\n    at Object.Module._extensions..js (module.js:654:10)\n    at Module.load (module.js:556:32)\n    at tryModuleLoad (module.js:499:12)\n    at Function.Module._load (module.js:491:3)\n    at Module.require (module.js:587:17)\n    at require (internal/module.js:11:18)\n    at Object.<anonymous> (C:\\Workspace\\Seminar\\Server\\server.js:2:13)\n    at Module._compile (module.js:643:30)","stack":"ReferenceError: winston is not defined\n    at Object.<anonymous> (C:\\Workspace\\Seminar\\Server\\app.js:11:38)\n    at Module._compile (module.js:643:30)\n    at Object.Module._extensions..js (module.js:654:10)\n    at Module.load (module.js:556:32)\n    at tryModuleLoad (module.js:499:12)\n    at Function.Module._load (module.js:491:3)\n    at Module.require (module.js:587:17)\n    at require (internal/module.js:11:18)\n    at Object.<anonymous> (C:\\Workspace\\Seminar\\Server\\server.js:2:13)\n    at Module._compile (module.js:643:30)","exception":true,"date":"Sat Oct 19 2019 10:21:57 GMT+0200 (Mitteleuropäische Sommerzeit)","process":{"pid":2024,"uid":null,"gid":null,"cwd":"C:\\Workspace\\Seminar\\Server","execPath":"C:\\Program Files\\nodejs\\node.exe","version":"v8.9.4","argv":["C:\\Program Files\\nodejs\\node.exe","C:\\Workspace\\Seminar\\Server\\server.js"],"memoryUsage":{"rss":36421632,"heapTotal":19243008,"heapUsed":13296176,"external":259941}},"os":{"loadavg":[0,0,0],"uptime":694776.857839},"trace":[{"column":38,"file":"C:\\Workspace\\Seminar\\Server\\app.js","function":null,"line":11,"method":null,"native":false},{"column":30,"file":"module.js","function":"Module._compile","line":643,"method":"_compile","native":false},{"column":10,"file":"module.js","function":"Module._extensions..js","line":654,"method":".js","native":false},{"column":32,"file":"module.js","function":"Module.load","line":556,"method":"load","native":false},{"column":12,"file":"module.js","function":"tryModuleLoad","line":499,"method":null,"native":false},{"column":3,"file":"module.js","function":"Module._load","line":491,"method":"_load","native":false},{"column":17,"file":"module.js","function":"Module.require","line":587,"method":"require","native":false},{"column":18,"file":"internal/module.js","function":"require","line":11,"method":null,"native":false},{"column":13,"file":"C:\\Workspace\\Seminar\\Server\\server.js","function":null,"line":2,"method":null,"native":false},{"column":30,"file":"module.js","function":"Module._compile","line":643,"method":"_compile","native":false}]}
{"message":"Server success","level":"info"}
{"message":"::1 - - [19/Oct/2019:08:22:29 +0000] \"GET /data HTTP/1.1\" 304 - \"-\" \"Mozilla/5.0 (Windows NT 10.0; Win64; x64) AppleWebKit/537.36 (KHTML, like Gecko) Chrome/77.0.3865.120 Safari/537.36\"\n","level":"info"}
{"message":"::ffff:127.0.0.1 - - [05/Nov/2019:08:56:42 +0000] \"GET / HTTP/1.1\" - - \"-\" \"Mozilla/5.0 (X11; Ubuntu; Linux x86_64; rv:70.0) Gecko/20100101 Firefox/70.0\"\n","level":"info"}
{"message":"::ffff:127.0.0.1 - - [05/Nov/2019:08:56:50 +0000] \"GET / HTTP/1.1\" - - \"-\" \"Mozilla/5.0 (X11; Ubuntu; Linux x86_64; rv:70.0) Gecko/20100101 Firefox/70.0\"\n","level":"info"}
{"message":"::ffff:127.0.0.1 - - [05/Nov/2019:08:56:57 +0000] \"GET /data HTTP/1.1\" - - \"-\" \"Mozilla/5.0 (X11; Ubuntu; Linux x86_64; rv:70.0) Gecko/20100101 Firefox/70.0\"\n","level":"info"}
{"message":"Server success","level":"info"}
{"message":{"_id":"5dc139ad91aba75df54ffafd","station_id":0,"airpressure":1013.25,"humidity":80,"temperature":32.3,"timestamp":1570892386,"latitude":50.9271,"longitude":11.5892,"position_tag":"kitchen","__v":0},"level":"info"}
{"message":"::1 - - [05/Nov/2019:08:58:21 +0000] \"POST /data HTTP/1.1\" 200 233 \"-\" \"PostmanRuntime/7.19.0\"\n","level":"info"}
{"message":"Server success","level":"info"}
{"message":{"_id":"5dc13a1a91aba75df54ffafe","station_id":0,"airpressure":1013.25,"humidity":80,"temperature":32.3,"timestamp":1570892386,"latitude":50.9271,"longitude":11.5892,"position_tag":"kitchen","__v":0},"level":"info"}
{"message":"::1 - - [05/Nov/2019:09:00:10 +0000] \"POST /data HTTP/1.1\" 200 233 \"-\" \"PostmanRuntime/7.19.0\"\n","level":"info"}
{"message":"Server success","level":"info"}
{"message":{"_id":"5dc13a1d91aba75df54ffaff","station_id":0,"airpressure":1013.25,"humidity":80,"temperature":32.3,"timestamp":1570892386,"latitude":50.9271,"longitude":11.5892,"position_tag":"kitchen","__v":0},"level":"info"}
{"message":"::1 - - [05/Nov/2019:09:00:13 +0000] \"POST /data HTTP/1.1\" 200 233 \"-\" \"PostmanRuntime/7.19.0\"\n","level":"info"}
{"message":"Server success","level":"info"}
{"message":{"_id":"5dc13a2091aba75df54ffb00","station_id":0,"airpressure":1013.25,"humidity":80,"temperature":32.3,"timestamp":1570892386,"latitude":50.9271,"longitude":11.5892,"position_tag":"kitchen","__v":0},"level":"info"}
{"message":"::1 - - [05/Nov/2019:09:00:16 +0000] \"POST /data HTTP/1.1\" 200 233 \"-\" \"PostmanRuntime/7.19.0\"\n","level":"info"}
{"message":"Server success","level":"info"}
{"message":{"_id":"5dc13a2291aba75df54ffb01","station_id":0,"airpressure":1013.25,"humidity":80,"temperature":32.3,"timestamp":1570892386,"latitude":50.9271,"longitude":11.5892,"position_tag":"kitchen","__v":0},"level":"info"}
{"message":"::1 - - [05/Nov/2019:09:00:18 +0000] \"POST /data HTTP/1.1\" 200 233 \"-\" \"PostmanRuntime/7.19.0\"\n","level":"info"}
{"message":"Server success","level":"info"}
{"message":{"_id":"5dc13a2491aba75df54ffb02","station_id":0,"airpressure":1013.25,"humidity":80,"temperature":32.3,"timestamp":1570892386,"latitude":50.9271,"longitude":11.5892,"position_tag":"kitchen","__v":0},"level":"info"}
{"message":"::1 - - [05/Nov/2019:09:00:20 +0000] \"POST /data HTTP/1.1\" 200 233 \"-\" \"PostmanRuntime/7.19.0\"\n","level":"info"}
{"message":"Server success","level":"info"}
{"message":{"_id":"5dc13a2591aba75df54ffb03","station_id":0,"airpressure":1013.25,"humidity":80,"temperature":32.3,"timestamp":1570892386,"latitude":50.9271,"longitude":11.5892,"position_tag":"kitchen","__v":0},"level":"info"}
{"message":"::1 - - [05/Nov/2019:09:00:21 +0000] \"POST /data HTTP/1.1\" 200 233 \"-\" \"PostmanRuntime/7.19.0\"\n","level":"info"}
{"message":"Server success","level":"info"}
{"message":{"_id":"5dc13a2791aba75df54ffb04","station_id":0,"airpressure":1013.25,"humidity":80,"temperature":32.3,"timestamp":1570892386,"latitude":50.9271,"longitude":11.5892,"position_tag":"kitchen","__v":0},"level":"info"}
{"message":"::1 - - [05/Nov/2019:09:00:23 +0000] \"POST /data HTTP/1.1\" 200 233 \"-\" \"PostmanRuntime/7.19.0\"\n","level":"info"}
{"message":"Server success","level":"info"}
{"message":{"_id":"5dc13a2891aba75df54ffb05","station_id":0,"airpressure":1013.25,"humidity":80,"temperature":32.3,"timestamp":1570892386,"latitude":50.9271,"longitude":11.5892,"position_tag":"kitchen","__v":0},"level":"info"}
{"message":"::1 - - [05/Nov/2019:09:00:24 +0000] \"POST /data HTTP/1.1\" 200 233 \"-\" \"PostmanRuntime/7.19.0\"\n","level":"info"}
{"message":"Server success","level":"info"}
{"message":{"_id":"5dc13a2a91aba75df54ffb06","station_id":0,"airpressure":1013.25,"humidity":80,"temperature":32.3,"timestamp":1570892386,"latitude":50.9271,"longitude":11.5892,"position_tag":"kitchen","__v":0},"level":"info"}
{"message":"::1 - - [05/Nov/2019:09:00:26 +0000] \"POST /data HTTP/1.1\" 200 233 \"-\" \"PostmanRuntime/7.19.0\"\n","level":"info"}
{"message":"Server success","level":"info"}
{"message":{"_id":"5dc13a2b91aba75df54ffb07","station_id":0,"airpressure":1013.25,"humidity":80,"temperature":32.3,"timestamp":1570892386,"latitude":50.9271,"longitude":11.5892,"position_tag":"kitchen","__v":0},"level":"info"}
{"message":"::1 - - [05/Nov/2019:09:00:27 +0000] \"POST /data HTTP/1.1\" 200 233 \"-\" \"PostmanRuntime/7.19.0\"\n","level":"info"}
{"message":"Server success","level":"info"}
{"message":{"_id":"5dc13a2c91aba75df54ffb08","station_id":0,"airpressure":1013.25,"humidity":80,"temperature":32.3,"timestamp":1570892386,"latitude":50.9271,"longitude":11.5892,"position_tag":"kitchen","__v":0},"level":"info"}
{"message":"::1 - - [05/Nov/2019:09:00:28 +0000] \"POST /data HTTP/1.1\" 200 233 \"-\" \"PostmanRuntime/7.19.0\"\n","level":"info"}
{"message":"Server success","level":"info"}
{"message":{"_id":"5dc13a2e91aba75df54ffb09","station_id":0,"airpressure":1013.25,"humidity":80,"temperature":32.3,"timestamp":1570892386,"latitude":50.9271,"longitude":11.5892,"position_tag":"kitchen","__v":0},"level":"info"}
{"message":"::1 - - [05/Nov/2019:09:00:30 +0000] \"POST /data HTTP/1.1\" 200 233 \"-\" \"PostmanRuntime/7.19.0\"\n","level":"info"}
{"message":"Server success","level":"info"}
{"message":{"_id":"5dc13a2f91aba75df54ffb0a","station_id":0,"airpressure":1013.25,"humidity":80,"temperature":32.3,"timestamp":1570892386,"latitude":50.9271,"longitude":11.5892,"position_tag":"kitchen","__v":0},"level":"info"}
{"message":"::1 - - [05/Nov/2019:09:00:31 +0000] \"POST /data HTTP/1.1\" 200 233 \"-\" \"PostmanRuntime/7.19.0\"\n","level":"info"}
{"message":"Server success","level":"info"}
{"message":{"_id":"5dc13a3191aba75df54ffb0b","station_id":0,"airpressure":1013.25,"humidity":80,"temperature":32.3,"timestamp":1570892386,"latitude":50.9271,"longitude":11.5892,"position_tag":"kitchen","__v":0},"level":"info"}
{"message":"::1 - - [05/Nov/2019:09:00:33 +0000] \"POST /data HTTP/1.1\" 200 233 \"-\" \"PostmanRuntime/7.19.0\"\n","level":"info"}
{"message":"Server success","level":"info"}
{"message":{"_id":"5dc13a3591aba75df54ffb0c","station_id":0,"airpressure":1013.25,"humidity":80,"temperature":32.3,"timestamp":1570892386,"latitude":50.9271,"longitude":11.5892,"position_tag":"kitchen","__v":0},"level":"info"}
{"message":"::1 - - [05/Nov/2019:09:00:37 +0000] \"POST /data HTTP/1.1\" 200 233 \"-\" \"PostmanRuntime/7.19.0\"\n","level":"info"}
{"message":"Server success","level":"info"}
{"message":{"_id":"5dc13a3691aba75df54ffb0d","station_id":0,"airpressure":1013.25,"humidity":80,"temperature":32.3,"timestamp":1570892386,"latitude":50.9271,"longitude":11.5892,"position_tag":"kitchen","__v":0},"level":"info"}
{"message":"::1 - - [05/Nov/2019:09:00:38 +0000] \"POST /data HTTP/1.1\" 200 233 \"-\" \"PostmanRuntime/7.19.0\"\n","level":"info"}
{"message":"Server success","level":"info"}
{"message":{"_id":"5dc13a3791aba75df54ffb0e","station_id":0,"airpressure":1013.25,"humidity":80,"temperature":32.3,"timestamp":1570892386,"latitude":50.9271,"longitude":11.5892,"position_tag":"kitchen","__v":0},"level":"info"}
{"message":"::1 - - [05/Nov/2019:09:00:39 +0000] \"POST /data HTTP/1.1\" 200 233 \"-\" \"PostmanRuntime/7.19.0\"\n","level":"info"}
{"message":"Server success","level":"info"}
{"message":{"_id":"5dc13a3891aba75df54ffb0f","station_id":0,"airpressure":1013.25,"humidity":80,"temperature":32.3,"timestamp":1570892386,"latitude":50.9271,"longitude":11.5892,"position_tag":"kitchen","__v":0},"level":"info"}
{"message":"::1 - - [05/Nov/2019:09:00:40 +0000] \"POST /data HTTP/1.1\" 200 233 \"-\" \"PostmanRuntime/7.19.0\"\n","level":"info"}
{"message":"Server success","level":"info"}
{"message":{"_id":"5dc13a3991aba75df54ffb10","station_id":0,"airpressure":1013.25,"humidity":80,"temperature":32.3,"timestamp":1570892386,"latitude":50.9271,"longitude":11.5892,"position_tag":"kitchen","__v":0},"level":"info"}
{"message":"::1 - - [05/Nov/2019:09:00:41 +0000] \"POST /data HTTP/1.1\" 200 233 \"-\" \"PostmanRuntime/7.19.0\"\n","level":"info"}
{"message":"Server success","level":"info"}
{"message":{"_id":"5dc13a3b91aba75df54ffb11","station_id":0,"airpressure":1013.25,"humidity":80,"temperature":32.3,"timestamp":1570892386,"latitude":50.9271,"longitude":11.5892,"position_tag":"kitchen","__v":0},"level":"info"}
{"message":"::1 - - [05/Nov/2019:09:00:43 +0000] \"POST /data HTTP/1.1\" 200 233 \"-\" \"PostmanRuntime/7.19.0\"\n","level":"info"}
